<testsuites id="" name="" tests="1" failures="1" skipped="0" errors="0" time="2.62425">
<testsuite name="ApiCases\CreateRequest.spec.ts" timestamp="2026-09-07T14:59:11.015Z" hostname="" tests="1" failures="1" skipped="0" time="1.556" errors="0">
<testcase name="Returns a paginated list of events" classname="ApiCases\CreateRequest.spec.ts" time="1.556">
<system-out>
<![CDATA[
[[ATTACHMENT|test-results\ApiCases-CreateRequest-Returns-a-paginated-list-of-events\error-context.md]]
]]>
</system-out>
<failure message="expect(received).toBe(expected) // Object.is equality" type="expect.toBe">
<![CDATA[  ApiCases\CreateRequest.spec.ts:59:5 › Returns a paginated list of events ─────────────────────────

    Error: expect(received).toBe(expected) // Object.is equality

    Expected: 200
    Received: 401

      65 |          );
      66 |          const responseBody = await response.json();
    > 67 |          expect(response.status()).toBe(200);
         |                                    ^
      68 |
      69 |          console.log(responseBody);
      70 |
        at C:\Users\dillu\PlayWrightAutomation\tests\ApiCases\CreateRequest.spec.ts:67:36

    Error Context: ..\test-results\ApiCases-CreateRequest-Returns-a-paginated-list-of-events\error-context.md
]]>
</failure>
</testcase>
</testsuite>
</testsuites>